2022.07.09 08:46:07 INFO  tracing is disabled for protocol LSP, to enable tracing of incoming and outgoing JSON messages create an empty file at c:\Users\senit\Desktop\UCSC\2nd\functional_pr\tutorila2\.metals\lsp.trace.json or C:\Users\senit\AppData\Local\scalameta\metals\cache\lsp.trace.json
2022.07.09 08:46:09 INFO  logging to file C:\Users\senit\Desktop\UCSC\2nd\functional_pr\tutorila2\.metals\metals.log
2022.07.09 08:46:09 INFO  Started: Metals version 0.11.7 in workspace 'C:\Users\senit\Desktop\UCSC\2nd\functional_pr\tutorila2' for client Visual Studio Code 1.68.1.
2022.07.09 08:46:10 INFO  time: initialize in 1.08s
2022.07.09 08:46:10 WARN  Flyway upgrade recommended: H2 2.1.214 is newer than this version of Flyway and support has not been tested. The latest supported version of H2 is 2.1.210.
2022.07.09 08:46:10 WARN  Build server is not auto-connectable.
2022.07.09 08:46:10 WARN  no build tool detected in workspace 'C:\Users\senit\Desktop\UCSC\2nd\functional_pr\tutorila2'. The most common cause for this problem is that the editor was opened in the wrong working directory, for example if you use sbt then the workspace directory should contain build.sbt. 
2022.07.09 08:46:14 WARN  no build target for: C:\Users\senit\Desktop\UCSC\2nd\functional_pr\tutorila2\test.scala
2022.07.09 08:46:20 INFO  no build target found for C:\Users\senit\Desktop\UCSC\2nd\functional_pr\tutorila2\test.scala. Using presentation compiler with project's scala-library version: 3.1.3
Jul 09, 2022 8:46:21 AM org.eclipse.lsp4j.jsonrpc.RemoteEndpoint handleCancellation
WARNING: Unmatched cancel notification for request id 3
Jul 09, 2022 8:46:21 AM org.eclipse.lsp4j.jsonrpc.RemoteEndpoint handleCancellation
WARNING: Unmatched cancel notification for request id 6
Jul 09, 2022 8:46:21 AM org.eclipse.lsp4j.jsonrpc.RemoteEndpoint handleCancellation
WARNING: Unmatched cancel notification for request id 5
Jul 09, 2022 8:46:21 AM org.eclipse.lsp4j.jsonrpc.RemoteEndpoint handleCancellation
WARNING: Unmatched cancel notification for request id 7
Jul 09, 2022 8:46:21 AM org.eclipse.lsp4j.jsonrpc.RemoteEndpoint handleCancellation
WARNING: Unmatched cancel notification for request id 16
Jul 09, 2022 8:46:21 AM org.eclipse.lsp4j.jsonrpc.RemoteEndpoint handleCancellation
WARNING: Unmatched cancel notification for request id 19
2022.07.09 08:46:22 INFO  time: code lens generation in 1.51s
2022.07.09 08:46:22 INFO  time: code lens generation in 1.51s
2022.07.09 08:46:35 WARN  no build target for: C:\Users\senit\Desktop\UCSC\2nd\functional_pr\scala_practice\Senith.scala
2022.07.09 08:47:50 WARN  no build target for: C:\Users\senit\Desktop\UCSC\2nd\functional_pr\tutorila2\test.scala
2022.07.09 08:47:56 WARN  no build target for: C:\Users\senit\Desktop\UCSC\2nd\functional_pr\tutorila2\test.scala
2022.07.09 08:48:29 WARN  no build target for: C:\Users\senit\Desktop\UCSC\2nd\functional_pr\tutorila2\test.scala
2022.07.09 08:48:30 WARN  no build target for: C:\Users\senit\Desktop\UCSC\2nd\functional_pr\tutorila2\test.scala
2022.07.09 08:48:46 WARN  no build target for: C:\Users\senit\Desktop\UCSC\2nd\functional_pr\tutorila2\test.scala
2022.07.09 08:48:50 WARN  no build target for: C:\Users\senit\Desktop\UCSC\2nd\functional_pr\tutorila2\test.scala
2022.07.09 08:49:12 WARN  no build target for: C:\Users\senit\Desktop\UCSC\2nd\functional_pr\tutorila2\test.scala
2022.07.09 08:49:43 WARN  no build target for: C:\Users\senit\Desktop\UCSC\2nd\functional_pr\tutorila2\test.scala
2022.07.09 08:52:00 WARN  no build target for: C:\Users\senit\Desktop\UCSC\2nd\functional_pr\tutorila2\test.scala
2022.07.09 08:52:05 WARN  no build target for: C:\Users\senit\Desktop\UCSC\2nd\functional_pr\tutorila2\test.scala
2022.07.09 08:55:39 WARN  no build target for: C:\Users\senit\Desktop\UCSC\2nd\functional_pr\tutorila2\test.scala
2022.07.09 09:00:13 WARN  no build target for: C:\Users\senit\Desktop\UCSC\2nd\functional_pr\tutorila2\test.scala
2022.07.09 09:00:36 WARN  no build target for: C:\Users\senit\Desktop\UCSC\2nd\functional_pr\tutorila2\test.scala
2022.07.09 09:00:52 WARN  no build target for: C:\Users\senit\Desktop\UCSC\2nd\functional_pr\tutorila2\test.scala
2022.07.09 09:01:09 WARN  no build target for: C:\Users\senit\Desktop\UCSC\2nd\functional_pr\tutorila2\test.scala
2022.07.09 09:01:22 WARN  no build target for: C:\Users\senit\Desktop\UCSC\2nd\functional_pr\tutorila2\test.scala
2022.07.09 09:01:46 WARN  no build target for: C:\Users\senit\Desktop\UCSC\2nd\functional_pr\tutorila2\test.scala
2022.07.09 09:02:37 WARN  no build target for: C:\Users\senit\Desktop\UCSC\2nd\functional_pr\tutorila2\test.scala
2022.07.09 09:02:49 WARN  no build target for: C:\Users\senit\Desktop\UCSC\2nd\functional_pr\tutorila2\test.scala
2022.07.09 09:03:36 WARN  no build target for: C:\Users\senit\Desktop\UCSC\2nd\functional_pr\tutorila2\test.scala
2022.07.09 09:05:22 WARN  no build target for: C:\Users\senit\Desktop\UCSC\2nd\functional_pr\tutorila2\q1.scala
Jul 09, 2022 9:06:19 AM org.eclipse.lsp4j.jsonrpc.RemoteEndpoint fallbackResponseError
SEVERE: Internal error: java.lang.reflect.InvocationTargetException
java.lang.RuntimeException: java.lang.reflect.InvocationTargetException
	at org.eclipse.lsp4j.jsonrpc.services.GenericEndpoint.lambda$null$0(GenericEndpoint.java:67)
	at org.eclipse.lsp4j.jsonrpc.services.GenericEndpoint.request(GenericEndpoint.java:120)
	at org.eclipse.lsp4j.jsonrpc.RemoteEndpoint.handleRequest(RemoteEndpoint.java:261)
	at org.eclipse.lsp4j.jsonrpc.RemoteEndpoint.consume(RemoteEndpoint.java:190)
	at org.eclipse.lsp4j.jsonrpc.json.StreamMessageProducer.handleMessage(StreamMessageProducer.java:194)
	at org.eclipse.lsp4j.jsonrpc.json.StreamMessageProducer.listen(StreamMessageProducer.java:94)
	at org.eclipse.lsp4j.jsonrpc.json.ConcurrentMessageProcessor.run(ConcurrentMessageProcessor.java:113)
	at java.base/java.util.concurrent.Executors$RunnableAdapter.call(Executors.java:539)
	at java.base/java.util.concurrent.FutureTask.run(FutureTask.java:264)
	at java.base/java.util.concurrent.ThreadPoolExecutor.runWorker(ThreadPoolExecutor.java:1136)
	at java.base/java.util.concurrent.ThreadPoolExecutor$Worker.run(ThreadPoolExecutor.java:635)
	at java.base/java.lang.Thread.run(Thread.java:833)
Caused by: java.lang.reflect.InvocationTargetException
	at jdk.internal.reflect.GeneratedMethodAccessor3.invoke(Unknown Source)
	at java.base/jdk.internal.reflect.DelegatingMethodAccessorImpl.invoke(DelegatingMethodAccessorImpl.java:43)
	at java.base/java.lang.reflect.Method.invoke(Method.java:568)
	at org.eclipse.lsp4j.jsonrpc.services.GenericEndpoint.lambda$null$0(GenericEndpoint.java:65)
	... 11 more
Caused by: java.lang.IllegalArgumentException: 4 is not a valid line number, allowed [0..3]
	at scala.meta.internal.inputs.InternalInput.lineToOffset(InternalInput.scala:37)
	at scala.meta.internal.inputs.InternalInput.lineToOffset$(InternalInput.scala:32)
	at scala.meta.inputs.Input$VirtualFile.lineToOffset(Input.scala:80)
	at scala.meta.inputs.Position$Range$.lineLength$1(Position.scala:57)
	at scala.meta.inputs.Position$Range$.apply(Position.scala:60)
	at scala.meta.internal.mtags.MtagsEnrichments$XtensionPositionLspInverse.toMeta(MtagsEnrichments.scala:179)
	at scala.meta.internal.parsing.Trees.$anonfun$findLastEnclosingAt$4(Trees.scala:77)
	at scala.Option.flatMap(Option.scala:283)
	at scala.meta.internal.parsing.Trees.findLastEnclosingAt(Trees.scala:76)
	at scala.meta.internal.metals.codeactions.PatternMatchRefactor.contribute(PatternMatchRefactor.scala:96)
	at scala.meta.internal.metals.CodeActionProvider$$anonfun$1.applyOrElse(CodeActionProvider.scala:66)
	at scala.meta.internal.metals.CodeActionProvider$$anonfun$1.applyOrElse(CodeActionProvider.scala:65)
	at scala.collection.immutable.List.collect(List.scala:275)
	at scala.meta.internal.metals.CodeActionProvider.codeActions(CodeActionProvider.scala:65)
	at scala.meta.internal.metals.MetalsLanguageServer.$anonfun$codeAction$1(MetalsLanguageServer.scala:1652)
	at scala.meta.internal.metals.CancelTokens$.future(CancelTokens.scala:38)
	at scala.meta.internal.metals.MetalsLanguageServer.codeAction(MetalsLanguageServer.scala:1651)
	... 15 more

2022.07.09 09:06:32 WARN  no build target for: C:\Users\senit\Desktop\UCSC\2nd\functional_pr\tutorila2\q1.scala
Jul 09, 2022 9:06:34 AM org.eclipse.lsp4j.jsonrpc.RemoteEndpoint fallbackResponseError
SEVERE: Internal error: java.lang.reflect.InvocationTargetException
java.lang.RuntimeException: java.lang.reflect.InvocationTargetException
	at org.eclipse.lsp4j.jsonrpc.services.GenericEndpoint.lambda$null$0(GenericEndpoint.java:67)
	at org.eclipse.lsp4j.jsonrpc.services.GenericEndpoint.request(GenericEndpoint.java:120)
	at org.eclipse.lsp4j.jsonrpc.RemoteEndpoint.handleRequest(RemoteEndpoint.java:261)
	at org.eclipse.lsp4j.jsonrpc.RemoteEndpoint.consume(RemoteEndpoint.java:190)
	at org.eclipse.lsp4j.jsonrpc.json.StreamMessageProducer.handleMessage(StreamMessageProducer.java:194)
	at org.eclipse.lsp4j.jsonrpc.json.StreamMessageProducer.listen(StreamMessageProducer.java:94)
	at org.eclipse.lsp4j.jsonrpc.json.ConcurrentMessageProcessor.run(ConcurrentMessageProcessor.java:113)
	at java.base/java.util.concurrent.Executors$RunnableAdapter.call(Executors.java:539)
	at java.base/java.util.concurrent.FutureTask.run(FutureTask.java:264)
	at java.base/java.util.concurrent.ThreadPoolExecutor.runWorker(ThreadPoolExecutor.java:1136)
	at java.base/java.util.concurrent.ThreadPoolExecutor$Worker.run(ThreadPoolExecutor.java:635)
	at java.base/java.lang.Thread.run(Thread.java:833)
Caused by: java.lang.reflect.InvocationTargetException
	at jdk.internal.reflect.GeneratedMethodAccessor3.invoke(Unknown Source)
	at java.base/jdk.internal.reflect.DelegatingMethodAccessorImpl.invoke(DelegatingMethodAccessorImpl.java:43)
	at java.base/java.lang.reflect.Method.invoke(Method.java:568)
	at org.eclipse.lsp4j.jsonrpc.services.GenericEndpoint.lambda$null$0(GenericEndpoint.java:65)
	... 11 more
Caused by: java.lang.IllegalArgumentException: 4 is not a valid line number, allowed [0..3]
	at scala.meta.internal.inputs.InternalInput.lineToOffset(InternalInput.scala:37)
	at scala.meta.internal.inputs.InternalInput.lineToOffset$(InternalInput.scala:32)
	at scala.meta.inputs.Input$VirtualFile.lineToOffset(Input.scala:80)
	at scala.meta.inputs.Position$Range$.apply(Position.scala:59)
	at scala.meta.internal.mtags.MtagsEnrichments$XtensionPositionLspInverse.toMeta(MtagsEnrichments.scala:179)
	at scala.meta.internal.parsing.Trees.$anonfun$findLastEnclosingAt$4(Trees.scala:77)
	at scala.Option.flatMap(Option.scala:283)
	at scala.meta.internal.parsing.Trees.findLastEnclosingAt(Trees.scala:76)
	at scala.meta.internal.metals.codeactions.PatternMatchRefactor.contribute(PatternMatchRefactor.scala:96)
	at scala.meta.internal.metals.CodeActionProvider$$anonfun$1.applyOrElse(CodeActionProvider.scala:66)
	at scala.meta.internal.metals.CodeActionProvider$$anonfun$1.applyOrElse(CodeActionProvider.scala:65)
	at scala.collection.immutable.List.collect(List.scala:275)
	at scala.meta.internal.metals.CodeActionProvider.codeActions(CodeActionProvider.scala:65)
	at scala.meta.internal.metals.MetalsLanguageServer.$anonfun$codeAction$1(MetalsLanguageServer.scala:1652)
	at scala.meta.internal.metals.CancelTokens$.future(CancelTokens.scala:38)
	at scala.meta.internal.metals.MetalsLanguageServer.codeAction(MetalsLanguageServer.scala:1651)
	... 15 more

2022.07.09 09:06:40 WARN  no build target for: C:\Users\senit\Desktop\UCSC\2nd\functional_pr\tutorila2\q1.scala
Jul 09, 2022 9:07:45 AM org.eclipse.lsp4j.jsonrpc.RemoteEndpoint fallbackResponseError
SEVERE: Internal error: java.lang.reflect.InvocationTargetException
java.lang.RuntimeException: java.lang.reflect.InvocationTargetException
	at org.eclipse.lsp4j.jsonrpc.services.GenericEndpoint.lambda$null$0(GenericEndpoint.java:67)
	at org.eclipse.lsp4j.jsonrpc.services.GenericEndpoint.request(GenericEndpoint.java:120)
	at org.eclipse.lsp4j.jsonrpc.RemoteEndpoint.handleRequest(RemoteEndpoint.java:261)
	at org.eclipse.lsp4j.jsonrpc.RemoteEndpoint.consume(RemoteEndpoint.java:190)
	at org.eclipse.lsp4j.jsonrpc.json.StreamMessageProducer.handleMessage(StreamMessageProducer.java:194)
	at org.eclipse.lsp4j.jsonrpc.json.StreamMessageProducer.listen(StreamMessageProducer.java:94)
	at org.eclipse.lsp4j.jsonrpc.json.ConcurrentMessageProcessor.run(ConcurrentMessageProcessor.java:113)
	at java.base/java.util.concurrent.Executors$RunnableAdapter.call(Executors.java:539)
	at java.base/java.util.concurrent.FutureTask.run(FutureTask.java:264)
	at java.base/java.util.concurrent.ThreadPoolExecutor.runWorker(ThreadPoolExecutor.java:1136)
	at java.base/java.util.concurrent.ThreadPoolExecutor$Worker.run(ThreadPoolExecutor.java:635)
	at java.base/java.lang.Thread.run(Thread.java:833)
Caused by: java.lang.reflect.InvocationTargetException
	at jdk.internal.reflect.GeneratedMethodAccessor3.invoke(Unknown Source)
	at java.base/jdk.internal.reflect.DelegatingMethodAccessorImpl.invoke(DelegatingMethodAccessorImpl.java:43)
	at java.base/java.lang.reflect.Method.invoke(Method.java:568)
	at org.eclipse.lsp4j.jsonrpc.services.GenericEndpoint.lambda$null$0(GenericEndpoint.java:65)
	... 11 more
Caused by: java.lang.IllegalArgumentException: 6 is not a valid line number, allowed [0..5]
	at scala.meta.internal.inputs.InternalInput.lineToOffset(InternalInput.scala:37)
	at scala.meta.internal.inputs.InternalInput.lineToOffset$(InternalInput.scala:32)
	at scala.meta.inputs.Input$VirtualFile.lineToOffset(Input.scala:80)
	at scala.meta.inputs.Position$Range$.apply(Position.scala:59)
	at scala.meta.internal.mtags.MtagsEnrichments$XtensionPositionLspInverse.toMeta(MtagsEnrichments.scala:179)
	at scala.meta.internal.parsing.Trees.$anonfun$findLastEnclosingAt$4(Trees.scala:77)
	at scala.Option.flatMap(Option.scala:283)
	at scala.meta.internal.parsing.Trees.findLastEnclosingAt(Trees.scala:76)
	at scala.meta.internal.metals.codeactions.PatternMatchRefactor.contribute(PatternMatchRefactor.scala:96)
	at scala.meta.internal.metals.CodeActionProvider$$anonfun$1.applyOrElse(CodeActionProvider.scala:66)
	at scala.meta.internal.metals.CodeActionProvider$$anonfun$1.applyOrElse(CodeActionProvider.scala:65)
	at scala.collection.immutable.List.collect(List.scala:275)
	at scala.meta.internal.metals.CodeActionProvider.codeActions(CodeActionProvider.scala:65)
	at scala.meta.internal.metals.MetalsLanguageServer.$anonfun$codeAction$1(MetalsLanguageServer.scala:1652)
	at scala.meta.internal.metals.CancelTokens$.future(CancelTokens.scala:38)
	at scala.meta.internal.metals.MetalsLanguageServer.codeAction(MetalsLanguageServer.scala:1651)
	... 15 more

Jul 09, 2022 9:07:48 AM org.eclipse.lsp4j.jsonrpc.RemoteEndpoint fallbackResponseError
SEVERE: Internal error: java.lang.reflect.InvocationTargetException
java.lang.RuntimeException: java.lang.reflect.InvocationTargetException
	at org.eclipse.lsp4j.jsonrpc.services.GenericEndpoint.lambda$null$0(GenericEndpoint.java:67)
	at org.eclipse.lsp4j.jsonrpc.services.GenericEndpoint.request(GenericEndpoint.java:120)
	at org.eclipse.lsp4j.jsonrpc.RemoteEndpoint.handleRequest(RemoteEndpoint.java:261)
	at org.eclipse.lsp4j.jsonrpc.RemoteEndpoint.consume(RemoteEndpoint.java:190)
	at org.eclipse.lsp4j.jsonrpc.json.StreamMessageProducer.handleMessage(StreamMessageProducer.java:194)
	at org.eclipse.lsp4j.jsonrpc.json.StreamMessageProducer.listen(StreamMessageProducer.java:94)
	at org.eclipse.lsp4j.jsonrpc.json.ConcurrentMessageProcessor.run(ConcurrentMessageProcessor.java:113)
	at java.base/java.util.concurrent.Executors$RunnableAdapter.call(Executors.java:539)
	at java.base/java.util.concurrent.FutureTask.run(FutureTask.java:264)
	at java.base/java.util.concurrent.ThreadPoolExecutor.runWorker(ThreadPoolExecutor.java:1136)
	at java.base/java.util.concurrent.ThreadPoolExecutor$Worker.run(ThreadPoolExecutor.java:635)
	at java.base/java.lang.Thread.run(Thread.java:833)
Caused by: java.lang.reflect.InvocationTargetException
	at jdk.internal.reflect.GeneratedMethodAccessor3.invoke(Unknown Source)
	at java.base/jdk.internal.reflect.DelegatingMethodAccessorImpl.invoke(DelegatingMethodAccessorImpl.java:43)
	at java.base/java.lang.reflect.Method.invoke(Method.java:568)
	at org.eclipse.lsp4j.jsonrpc.services.GenericEndpoint.lambda$null$0(GenericEndpoint.java:65)
	... 11 more
Caused by: java.lang.IllegalArgumentException: 6 is not a valid line number, allowed [0..5]
	at scala.meta.internal.inputs.InternalInput.lineToOffset(InternalInput.scala:37)
	at scala.meta.internal.inputs.InternalInput.lineToOffset$(InternalInput.scala:32)
	at scala.meta.inputs.Input$VirtualFile.lineToOffset(Input.scala:80)
	at scala.meta.inputs.Position$Range$.apply(Position.scala:59)
	at scala.meta.internal.mtags.MtagsEnrichments$XtensionPositionLspInverse.toMeta(MtagsEnrichments.scala:179)
	at scala.meta.internal.parsing.Trees.$anonfun$findLastEnclosingAt$4(Trees.scala:77)
	at scala.Option.flatMap(Option.scala:283)
	at scala.meta.internal.parsing.Trees.findLastEnclosingAt(Trees.scala:76)
	at scala.meta.internal.metals.codeactions.PatternMatchRefactor.contribute(PatternMatchRefactor.scala:96)
	at scala.meta.internal.metals.CodeActionProvider$$anonfun$1.applyOrElse(CodeActionProvider.scala:66)
	at scala.meta.internal.metals.CodeActionProvider$$anonfun$1.applyOrElse(CodeActionProvider.scala:65)
	at scala.collection.immutable.List.collect(List.scala:275)
	at scala.meta.internal.metals.CodeActionProvider.codeActions(CodeActionProvider.scala:65)
	at scala.meta.internal.metals.MetalsLanguageServer.$anonfun$codeAction$1(MetalsLanguageServer.scala:1652)
	at scala.meta.internal.metals.CancelTokens$.future(CancelTokens.scala:38)
	at scala.meta.internal.metals.MetalsLanguageServer.codeAction(MetalsLanguageServer.scala:1651)
	... 15 more

Jul 09, 2022 9:07:51 AM org.eclipse.lsp4j.jsonrpc.RemoteEndpoint fallbackResponseError
SEVERE: Internal error: java.lang.reflect.InvocationTargetException
java.lang.RuntimeException: java.lang.reflect.InvocationTargetException
	at org.eclipse.lsp4j.jsonrpc.services.GenericEndpoint.lambda$null$0(GenericEndpoint.java:67)
	at org.eclipse.lsp4j.jsonrpc.services.GenericEndpoint.request(GenericEndpoint.java:120)
	at org.eclipse.lsp4j.jsonrpc.RemoteEndpoint.handleRequest(RemoteEndpoint.java:261)
	at org.eclipse.lsp4j.jsonrpc.RemoteEndpoint.consume(RemoteEndpoint.java:190)
	at org.eclipse.lsp4j.jsonrpc.json.StreamMessageProducer.handleMessage(StreamMessageProducer.java:194)
	at org.eclipse.lsp4j.jsonrpc.json.StreamMessageProducer.listen(StreamMessageProducer.java:94)
	at org.eclipse.lsp4j.jsonrpc.json.ConcurrentMessageProcessor.run(ConcurrentMessageProcessor.java:113)
	at java.base/java.util.concurrent.Executors$RunnableAdapter.call(Executors.java:539)
	at java.base/java.util.concurrent.FutureTask.run(FutureTask.java:264)
	at java.base/java.util.concurrent.ThreadPoolExecutor.runWorker(ThreadPoolExecutor.java:1136)
	at java.base/java.util.concurrent.ThreadPoolExecutor$Worker.run(ThreadPoolExecutor.java:635)
	at java.base/java.lang.Thread.run(Thread.java:833)
Caused by: java.lang.reflect.InvocationTargetException
	at jdk.internal.reflect.GeneratedMethodAccessor3.invoke(Unknown Source)
	at java.base/jdk.internal.reflect.DelegatingMethodAccessorImpl.invoke(DelegatingMethodAccessorImpl.java:43)
	at java.base/java.lang.reflect.Method.invoke(Method.java:568)
	at org.eclipse.lsp4j.jsonrpc.services.GenericEndpoint.lambda$null$0(GenericEndpoint.java:65)
	... 11 more
Caused by: java.lang.IllegalArgumentException: 6 is not a valid line number, allowed [0..5]
	at scala.meta.internal.inputs.InternalInput.lineToOffset(InternalInput.scala:37)
	at scala.meta.internal.inputs.InternalInput.lineToOffset$(InternalInput.scala:32)
	at scala.meta.inputs.Input$VirtualFile.lineToOffset(Input.scala:80)
	at scala.meta.inputs.Position$Range$.apply(Position.scala:59)
	at scala.meta.internal.mtags.MtagsEnrichments$XtensionPositionLspInverse.toMeta(MtagsEnrichments.scala:179)
	at scala.meta.internal.parsing.Trees.$anonfun$findLastEnclosingAt$4(Trees.scala:77)
	at scala.Option.flatMap(Option.scala:283)
	at scala.meta.internal.parsing.Trees.findLastEnclosingAt(Trees.scala:76)
	at scala.meta.internal.metals.codeactions.PatternMatchRefactor.contribute(PatternMatchRefactor.scala:96)
	at scala.meta.internal.metals.CodeActionProvider$$anonfun$1.applyOrElse(CodeActionProvider.scala:66)
	at scala.meta.internal.metals.CodeActionProvider$$anonfun$1.applyOrElse(CodeActionProvider.scala:65)
	at scala.collection.immutable.List.collect(List.scala:275)
	at scala.meta.internal.metals.CodeActionProvider.codeActions(CodeActionProvider.scala:65)
	at scala.meta.internal.metals.MetalsLanguageServer.$anonfun$codeAction$1(MetalsLanguageServer.scala:1652)
	at scala.meta.internal.metals.CancelTokens$.future(CancelTokens.scala:38)
	at scala.meta.internal.metals.MetalsLanguageServer.codeAction(MetalsLanguageServer.scala:1651)
	... 15 more

Jul 09, 2022 9:07:53 AM org.eclipse.lsp4j.jsonrpc.RemoteEndpoint fallbackResponseError
SEVERE: Internal error: java.lang.reflect.InvocationTargetException
java.lang.RuntimeException: java.lang.reflect.InvocationTargetException
	at org.eclipse.lsp4j.jsonrpc.services.GenericEndpoint.lambda$null$0(GenericEndpoint.java:67)
	at org.eclipse.lsp4j.jsonrpc.services.GenericEndpoint.request(GenericEndpoint.java:120)
	at org.eclipse.lsp4j.jsonrpc.RemoteEndpoint.handleRequest(RemoteEndpoint.java:261)
	at org.eclipse.lsp4j.jsonrpc.RemoteEndpoint.consume(RemoteEndpoint.java:190)
	at org.eclipse.lsp4j.jsonrpc.json.StreamMessageProducer.handleMessage(StreamMessageProducer.java:194)
	at org.eclipse.lsp4j.jsonrpc.json.StreamMessageProducer.listen(StreamMessageProducer.java:94)
	at org.eclipse.lsp4j.jsonrpc.json.ConcurrentMessageProcessor.run(ConcurrentMessageProcessor.java:113)
	at java.base/java.util.concurrent.Executors$RunnableAdapter.call(Executors.java:539)
	at java.base/java.util.concurrent.FutureTask.run(FutureTask.java:264)
	at java.base/java.util.concurrent.ThreadPoolExecutor.runWorker(ThreadPoolExecutor.java:1136)
	at java.base/java.util.concurrent.ThreadPoolExecutor$Worker.run(ThreadPoolExecutor.java:635)
	at java.base/java.lang.Thread.run(Thread.java:833)
Caused by: java.lang.reflect.InvocationTargetException
	at jdk.internal.reflect.GeneratedMethodAccessor3.invoke(Unknown Source)
	at java.base/jdk.internal.reflect.DelegatingMethodAccessorImpl.invoke(DelegatingMethodAccessorImpl.java:43)
	at java.base/java.lang.reflect.Method.invoke(Method.java:568)
	at org.eclipse.lsp4j.jsonrpc.services.GenericEndpoint.lambda$null$0(GenericEndpoint.java:65)
	... 11 more
Caused by: java.lang.IllegalArgumentException: 6 is not a valid line number, allowed [0..5]
	at scala.meta.internal.inputs.InternalInput.lineToOffset(InternalInput.scala:37)
	at scala.meta.internal.inputs.InternalInput.lineToOffset$(InternalInput.scala:32)
	at scala.meta.inputs.Input$VirtualFile.lineToOffset(Input.scala:80)
	at scala.meta.inputs.Position$Range$.apply(Position.scala:59)
	at scala.meta.internal.mtags.MtagsEnrichments$XtensionPositionLspInverse.toMeta(MtagsEnrichments.scala:179)
	at scala.meta.internal.parsing.Trees.$anonfun$findLastEnclosingAt$4(Trees.scala:77)
	at scala.Option.flatMap(Option.scala:283)
	at scala.meta.internal.parsing.Trees.findLastEnclosingAt(Trees.scala:76)
	at scala.meta.internal.metals.codeactions.PatternMatchRefactor.contribute(PatternMatchRefactor.scala:96)
	at scala.meta.internal.metals.CodeActionProvider$$anonfun$1.applyOrElse(CodeActionProvider.scala:66)
	at scala.meta.internal.metals.CodeActionProvider$$anonfun$1.applyOrElse(CodeActionProvider.scala:65)
	at scala.collection.immutable.List.collect(List.scala:275)
	at scala.meta.internal.metals.CodeActionProvider.codeActions(CodeActionProvider.scala:65)
	at scala.meta.internal.metals.MetalsLanguageServer.$anonfun$codeAction$1(MetalsLanguageServer.scala:1652)
	at scala.meta.internal.metals.CancelTokens$.future(CancelTokens.scala:38)
	at scala.meta.internal.metals.MetalsLanguageServer.codeAction(MetalsLanguageServer.scala:1651)
	... 15 more

Jul 09, 2022 9:07:55 AM org.eclipse.lsp4j.jsonrpc.RemoteEndpoint fallbackResponseError
SEVERE: Internal error: java.lang.reflect.InvocationTargetException
java.lang.RuntimeException: java.lang.reflect.InvocationTargetException
	at org.eclipse.lsp4j.jsonrpc.services.GenericEndpoint.lambda$null$0(GenericEndpoint.java:67)
	at org.eclipse.lsp4j.jsonrpc.services.GenericEndpoint.request(GenericEndpoint.java:120)
	at org.eclipse.lsp4j.jsonrpc.RemoteEndpoint.handleRequest(RemoteEndpoint.java:261)
	at org.eclipse.lsp4j.jsonrpc.RemoteEndpoint.consume(RemoteEndpoint.java:190)
	at org.eclipse.lsp4j.jsonrpc.json.StreamMessageProducer.handleMessage(StreamMessageProducer.java:194)
	at org.eclipse.lsp4j.jsonrpc.json.StreamMessageProducer.listen(StreamMessageProducer.java:94)
	at org.eclipse.lsp4j.jsonrpc.json.ConcurrentMessageProcessor.run(ConcurrentMessageProcessor.java:113)
	at java.base/java.util.concurrent.Executors$RunnableAdapter.call(Executors.java:539)
	at java.base/java.util.concurrent.FutureTask.run(FutureTask.java:264)
	at java.base/java.util.concurrent.ThreadPoolExecutor.runWorker(ThreadPoolExecutor.java:1136)
	at java.base/java.util.concurrent.ThreadPoolExecutor$Worker.run(ThreadPoolExecutor.java:635)
	at java.base/java.lang.Thread.run(Thread.java:833)
Caused by: java.lang.reflect.InvocationTargetException
	at jdk.internal.reflect.GeneratedMethodAccessor3.invoke(Unknown Source)
	at java.base/jdk.internal.reflect.DelegatingMethodAccessorImpl.invoke(DelegatingMethodAccessorImpl.java:43)
	at java.base/java.lang.reflect.Method.invoke(Method.java:568)
	at org.eclipse.lsp4j.jsonrpc.services.GenericEndpoint.lambda$null$0(GenericEndpoint.java:65)
	... 11 more
Caused by: java.lang.IllegalArgumentException: 7 is not a valid line number, allowed [0..5]
	at scala.meta.internal.inputs.InternalInput.lineToOffset(InternalInput.scala:37)
	at scala.meta.internal.inputs.InternalInput.lineToOffset$(InternalInput.scala:32)
	at scala.meta.inputs.Input$VirtualFile.lineToOffset(Input.scala:80)
	at scala.meta.inputs.Position$Range$.apply(Position.scala:59)
	at scala.meta.internal.mtags.MtagsEnrichments$XtensionPositionLspInverse.toMeta(MtagsEnrichments.scala:179)
	at scala.meta.internal.parsing.Trees.$anonfun$findLastEnclosingAt$4(Trees.scala:77)
	at scala.Option.flatMap(Option.scala:283)
	at scala.meta.internal.parsing.Trees.findLastEnclosingAt(Trees.scala:76)
	at scala.meta.internal.metals.codeactions.PatternMatchRefactor.contribute(PatternMatchRefactor.scala:96)
	at scala.meta.internal.metals.CodeActionProvider$$anonfun$1.applyOrElse(CodeActionProvider.scala:66)
	at scala.meta.internal.metals.CodeActionProvider$$anonfun$1.applyOrElse(CodeActionProvider.scala:65)
	at scala.collection.immutable.List.collect(List.scala:275)
	at scala.meta.internal.metals.CodeActionProvider.codeActions(CodeActionProvider.scala:65)
	at scala.meta.internal.metals.MetalsLanguageServer.$anonfun$codeAction$1(MetalsLanguageServer.scala:1652)
	at scala.meta.internal.metals.CancelTokens$.future(CancelTokens.scala:38)
	at scala.meta.internal.metals.MetalsLanguageServer.codeAction(MetalsLanguageServer.scala:1651)
	... 15 more

Jul 09, 2022 9:07:57 AM org.eclipse.lsp4j.jsonrpc.RemoteEndpoint fallbackResponseError
SEVERE: Internal error: java.lang.reflect.InvocationTargetException
java.lang.RuntimeException: java.lang.reflect.InvocationTargetException
	at org.eclipse.lsp4j.jsonrpc.services.GenericEndpoint.lambda$null$0(GenericEndpoint.java:67)
	at org.eclipse.lsp4j.jsonrpc.services.GenericEndpoint.request(GenericEndpoint.java:120)
	at org.eclipse.lsp4j.jsonrpc.RemoteEndpoint.handleRequest(RemoteEndpoint.java:261)
	at org.eclipse.lsp4j.jsonrpc.RemoteEndpoint.consume(RemoteEndpoint.java:190)
	at org.eclipse.lsp4j.jsonrpc.json.StreamMessageProducer.handleMessage(StreamMessageProducer.java:194)
	at org.eclipse.lsp4j.jsonrpc.json.StreamMessageProducer.listen(StreamMessageProducer.java:94)
	at org.eclipse.lsp4j.jsonrpc.json.ConcurrentMessageProcessor.run(ConcurrentMessageProcessor.java:113)
	at java.base/java.util.concurrent.Executors$RunnableAdapter.call(Executors.java:539)
	at java.base/java.util.concurrent.FutureTask.run(FutureTask.java:264)
	at java.base/java.util.concurrent.ThreadPoolExecutor.runWorker(ThreadPoolExecutor.java:1136)
	at java.base/java.util.concurrent.ThreadPoolExecutor$Worker.run(ThreadPoolExecutor.java:635)
	at java.base/java.lang.Thread.run(Thread.java:833)
Caused by: java.lang.reflect.InvocationTargetException
	at jdk.internal.reflect.GeneratedMethodAccessor3.invoke(Unknown Source)
	at java.base/jdk.internal.reflect.DelegatingMethodAccessorImpl.invoke(DelegatingMethodAccessorImpl.java:43)
	at java.base/java.lang.reflect.Method.invoke(Method.java:568)
	at org.eclipse.lsp4j.jsonrpc.services.GenericEndpoint.lambda$null$0(GenericEndpoint.java:65)
	... 11 more
Caused by: java.lang.IllegalArgumentException: 7 is not a valid line number, allowed [0..5]
	at scala.meta.internal.inputs.InternalInput.lineToOffset(InternalInput.scala:37)
	at scala.meta.internal.inputs.InternalInput.lineToOffset$(InternalInput.scala:32)
	at scala.meta.inputs.Input$VirtualFile.lineToOffset(Input.scala:80)
	at scala.meta.inputs.Position$Range$.apply(Position.scala:59)
	at scala.meta.internal.mtags.MtagsEnrichments$XtensionPositionLspInverse.toMeta(MtagsEnrichments.scala:179)
	at scala.meta.internal.parsing.Trees.$anonfun$findLastEnclosingAt$4(Trees.scala:77)
	at scala.Option.flatMap(Option.scala:283)
	at scala.meta.internal.parsing.Trees.findLastEnclosingAt(Trees.scala:76)
	at scala.meta.internal.metals.codeactions.PatternMatchRefactor.contribute(PatternMatchRefactor.scala:96)
	at scala.meta.internal.metals.CodeActionProvider$$anonfun$1.applyOrElse(CodeActionProvider.scala:66)
	at scala.meta.internal.metals.CodeActionProvider$$anonfun$1.applyOrElse(CodeActionProvider.scala:65)
	at scala.collection.immutable.List.collect(List.scala:275)
	at scala.meta.internal.metals.CodeActionProvider.codeActions(CodeActionProvider.scala:65)
	at scala.meta.internal.metals.MetalsLanguageServer.$anonfun$codeAction$1(MetalsLanguageServer.scala:1652)
	at scala.meta.internal.metals.CancelTokens$.future(CancelTokens.scala:38)
	at scala.meta.internal.metals.MetalsLanguageServer.codeAction(MetalsLanguageServer.scala:1651)
	... 15 more

Jul 09, 2022 9:08:01 AM org.eclipse.lsp4j.jsonrpc.RemoteEndpoint fallbackResponseError
SEVERE: Internal error: java.lang.reflect.InvocationTargetException
java.lang.RuntimeException: java.lang.reflect.InvocationTargetException
	at org.eclipse.lsp4j.jsonrpc.services.GenericEndpoint.lambda$null$0(GenericEndpoint.java:67)
	at org.eclipse.lsp4j.jsonrpc.services.GenericEndpoint.request(GenericEndpoint.java:120)
	at org.eclipse.lsp4j.jsonrpc.RemoteEndpoint.handleRequest(RemoteEndpoint.java:261)
	at org.eclipse.lsp4j.jsonrpc.RemoteEndpoint.consume(RemoteEndpoint.java:190)
	at org.eclipse.lsp4j.jsonrpc.json.StreamMessageProducer.handleMessage(StreamMessageProducer.java:194)
	at org.eclipse.lsp4j.jsonrpc.json.StreamMessageProducer.listen(StreamMessageProducer.java:94)
	at org.eclipse.lsp4j.jsonrpc.json.ConcurrentMessageProcessor.run(ConcurrentMessageProcessor.java:113)
	at java.base/java.util.concurrent.Executors$RunnableAdapter.call(Executors.java:539)
	at java.base/java.util.concurrent.FutureTask.run(FutureTask.java:264)
	at java.base/java.util.concurrent.ThreadPoolExecutor.runWorker(ThreadPoolExecutor.java:1136)
	at java.base/java.util.concurrent.ThreadPoolExecutor$Worker.run(ThreadPoolExecutor.java:635)
	at java.base/java.lang.Thread.run(Thread.java:833)
Caused by: java.lang.reflect.InvocationTargetException
	at jdk.internal.reflect.GeneratedMethodAccessor3.invoke(Unknown Source)
	at java.base/jdk.internal.reflect.DelegatingMethodAccessorImpl.invoke(DelegatingMethodAccessorImpl.java:43)
	at java.base/java.lang.reflect.Method.invoke(Method.java:568)
	at org.eclipse.lsp4j.jsonrpc.services.GenericEndpoint.lambda$null$0(GenericEndpoint.java:65)
	... 11 more
Caused by: java.lang.IllegalArgumentException: 7 is not a valid line number, allowed [0..5]
	at scala.meta.internal.inputs.InternalInput.lineToOffset(InternalInput.scala:37)
	at scala.meta.internal.inputs.InternalInput.lineToOffset$(InternalInput.scala:32)
	at scala.meta.inputs.Input$VirtualFile.lineToOffset(Input.scala:80)
	at scala.meta.inputs.Position$Range$.apply(Position.scala:59)
	at scala.meta.internal.mtags.MtagsEnrichments$XtensionPositionLspInverse.toMeta(MtagsEnrichments.scala:179)
	at scala.meta.internal.parsing.Trees.$anonfun$findLastEnclosingAt$4(Trees.scala:77)
	at scala.Option.flatMap(Option.scala:283)
	at scala.meta.internal.parsing.Trees.findLastEnclosingAt(Trees.scala:76)
	at scala.meta.internal.metals.codeactions.PatternMatchRefactor.contribute(PatternMatchRefactor.scala:96)
	at scala.meta.internal.metals.CodeActionProvider$$anonfun$1.applyOrElse(CodeActionProvider.scala:66)
	at scala.meta.internal.metals.CodeActionProvider$$anonfun$1.applyOrElse(CodeActionProvider.scala:65)
	at scala.collection.immutable.List.collect(List.scala:275)
	at scala.meta.internal.metals.CodeActionProvider.codeActions(CodeActionProvider.scala:65)
	at scala.meta.internal.metals.MetalsLanguageServer.$anonfun$codeAction$1(MetalsLanguageServer.scala:1652)
	at scala.meta.internal.metals.CancelTokens$.future(CancelTokens.scala:38)
	at scala.meta.internal.metals.MetalsLanguageServer.codeAction(MetalsLanguageServer.scala:1651)
	... 15 more

2022.07.09 09:08:02 WARN  no build target for: C:\Users\senit\Desktop\UCSC\2nd\functional_pr\tutorila2\q1.scala
Jul 09, 2022 9:08:02 AM org.eclipse.lsp4j.jsonrpc.RemoteEndpoint fallbackResponseError
SEVERE: Internal error: java.lang.reflect.InvocationTargetException
java.lang.RuntimeException: java.lang.reflect.InvocationTargetException
	at org.eclipse.lsp4j.jsonrpc.services.GenericEndpoint.lambda$null$0(GenericEndpoint.java:67)
	at org.eclipse.lsp4j.jsonrpc.services.GenericEndpoint.request(GenericEndpoint.java:120)
	at org.eclipse.lsp4j.jsonrpc.RemoteEndpoint.handleRequest(RemoteEndpoint.java:261)
	at org.eclipse.lsp4j.jsonrpc.RemoteEndpoint.consume(RemoteEndpoint.java:190)
	at org.eclipse.lsp4j.jsonrpc.json.StreamMessageProducer.handleMessage(StreamMessageProducer.java:194)
	at org.eclipse.lsp4j.jsonrpc.json.StreamMessageProducer.listen(StreamMessageProducer.java:94)
	at org.eclipse.lsp4j.jsonrpc.json.ConcurrentMessageProcessor.run(ConcurrentMessageProcessor.java:113)
	at java.base/java.util.concurrent.Executors$RunnableAdapter.call(Executors.java:539)
	at java.base/java.util.concurrent.FutureTask.run(FutureTask.java:264)
	at java.base/java.util.concurrent.ThreadPoolExecutor.runWorker(ThreadPoolExecutor.java:1136)
	at java.base/java.util.concurrent.ThreadPoolExecutor$Worker.run(ThreadPoolExecutor.java:635)
	at java.base/java.lang.Thread.run(Thread.java:833)
Caused by: java.lang.reflect.InvocationTargetException
	at jdk.internal.reflect.GeneratedMethodAccessor3.invoke(Unknown Source)
	at java.base/jdk.internal.reflect.DelegatingMethodAccessorImpl.invoke(DelegatingMethodAccessorImpl.java:43)
	at java.base/java.lang.reflect.Method.invoke(Method.java:568)
	at org.eclipse.lsp4j.jsonrpc.services.GenericEndpoint.lambda$null$0(GenericEndpoint.java:65)
	... 11 more
Caused by: java.lang.IllegalArgumentException: 7 is not a valid line number, allowed [0..5]
	at scala.meta.internal.inputs.InternalInput.lineToOffset(InternalInput.scala:37)
	at scala.meta.internal.inputs.InternalInput.lineToOffset$(InternalInput.scala:32)
	at scala.meta.inputs.Input$VirtualFile.lineToOffset(Input.scala:80)
	at scala.meta.inputs.Position$Range$.apply(Position.scala:59)
	at scala.meta.internal.mtags.MtagsEnrichments$XtensionPositionLspInverse.toMeta(MtagsEnrichments.scala:179)
	at scala.meta.internal.parsing.Trees.$anonfun$findLastEnclosingAt$4(Trees.scala:77)
	at scala.Option.flatMap(Option.scala:283)
	at scala.meta.internal.parsing.Trees.findLastEnclosingAt(Trees.scala:76)
	at scala.meta.internal.metals.codeactions.PatternMatchRefactor.contribute(PatternMatchRefactor.scala:96)
	at scala.meta.internal.metals.CodeActionProvider$$anonfun$1.applyOrElse(CodeActionProvider.scala:66)
	at scala.meta.internal.metals.CodeActionProvider$$anonfun$1.applyOrElse(CodeActionProvider.scala:65)
	at scala.collection.immutable.List.collect(List.scala:275)
	at scala.meta.internal.metals.CodeActionProvider.codeActions(CodeActionProvider.scala:65)
	at scala.meta.internal.metals.MetalsLanguageServer.$anonfun$codeAction$1(MetalsLanguageServer.scala:1652)
	at scala.meta.internal.metals.CancelTokens$.future(CancelTokens.scala:38)
	at scala.meta.internal.metals.MetalsLanguageServer.codeAction(MetalsLanguageServer.scala:1651)
	... 15 more

2022.07.09 09:08:09 INFO  shutting down Metals
2022.07.09 22:36:02 INFO  tracing is disabled for protocol LSP, to enable tracing of incoming and outgoing JSON messages create an empty file at c:\Users\senit\Desktop\UCSC\2nd\functional_pr\tutorila2\.metals\lsp.trace.json or C:\Users\senit\AppData\Local\scalameta\metals\cache\lsp.trace.json
2022.07.09 22:36:03 INFO  logging to file C:\Users\senit\Desktop\UCSC\2nd\functional_pr\tutorila2\.metals\metals.log
2022.07.09 22:36:03 INFO  Started: Metals version 0.11.7 in workspace 'C:\Users\senit\Desktop\UCSC\2nd\functional_pr\tutorila2' for client Visual Studio Code 1.69.0.
2022.07.09 22:36:05 INFO  time: initialize in 1.19s
2022.07.09 22:36:05 WARN  Flyway upgrade recommended: H2 2.1.214 is newer than this version of Flyway and support has not been tested. The latest supported version of H2 is 2.1.210.
2022.07.09 22:36:05 WARN  Build server is not auto-connectable.
2022.07.09 22:36:05 WARN  no build tool detected in workspace 'C:\Users\senit\Desktop\UCSC\2nd\functional_pr\tutorila2'. The most common cause for this problem is that the editor was opened in the wrong working directory, for example if you use sbt then the workspace directory should contain build.sbt. 
2022.07.09 22:36:08 WARN  no build target for: C:\Users\senit\Desktop\UCSC\2nd\functional_pr\tutorila2\q1.scala
2022.07.09 22:36:12 INFO  no build target found for C:\Users\senit\Desktop\UCSC\2nd\functional_pr\tutorila2\q1.scala. Using presentation compiler with project's scala-library version: 3.1.3
2022.07.10 10:03:50 WARN  no build target for: C:\Users\senit\Desktop\UCSC\2nd\functional_pr\tutorila2\q1.scala
2022.07.10 10:04:26 WARN  no build target for: C:\Users\senit\Desktop\UCSC\2nd\functional_pr\tutorila2\q1.scala
2022.07.10 10:04:52 WARN  no build target for: C:\Users\senit\Desktop\UCSC\2nd\functional_pr\tutorila2\q1.scala
2022.07.10 10:21:45 WARN  no build target for: C:\Users\senit\Desktop\UCSC\2nd\functional_pr\tutorila2\q1.scala
2022.07.10 10:21:56 WARN  no build target for: C:\Users\senit\Desktop\UCSC\2nd\functional_pr\tutorila2\q1.scala
2022.07.10 10:22:18 WARN  no build target for: C:\Users\senit\Desktop\UCSC\2nd\functional_pr\tutorila2\q1.scala
2022.07.10 10:22:31 WARN  no build target for: C:\Users\senit\Desktop\UCSC\2nd\functional_pr\tutorila2\q1.scala
2022.07.10 10:22:40 WARN  no build target for: C:\Users\senit\Desktop\UCSC\2nd\functional_pr\tutorila2\q1.scala
2022.07.10 10:24:08 WARN  no build target for: C:\Users\senit\Desktop\UCSC\2nd\functional_pr\tutorila2\q1.scala
2022.07.10 10:24:16 WARN  no build target for: C:\Users\senit\Desktop\UCSC\2nd\functional_pr\tutorila2\q1.scala
2022.07.10 10:26:45 WARN  no build target for: C:\Users\senit\Desktop\UCSC\2nd\functional_pr\tutorila2\q1.scala
2022.07.10 10:27:18 WARN  no build target for: C:\Users\senit\Desktop\UCSC\2nd\functional_pr\tutorila2\q1.scala
2022.07.10 10:27:33 WARN  no build target for: C:\Users\senit\Desktop\UCSC\2nd\functional_pr\tutorila2\q1.scala
2022.07.10 10:27:46 WARN  no build target for: C:\Users\senit\Desktop\UCSC\2nd\functional_pr\tutorila2\q1.scala
2022.07.10 10:28:15 WARN  no build target for: C:\Users\senit\Desktop\UCSC\2nd\functional_pr\tutorila2\q1.scala
2022.07.10 10:36:52 WARN  no build target for: C:\Users\senit\Desktop\UCSC\2nd\functional_pr\tutorila2\q1.scala
2022.07.10 10:38:21 WARN  no build target for: C:\Users\senit\Desktop\UCSC\2nd\functional_pr\tutorila2\q1.scala
2022.07.10 10:38:45 WARN  no build target for: C:\Users\senit\Desktop\UCSC\2nd\functional_pr\tutorila2\q1.scala
2022.07.10 10:38:54 WARN  no build target for: C:\Users\senit\Desktop\UCSC\2nd\functional_pr\tutorila2\q1.scala
2022.07.10 10:40:02 WARN  no build target for: C:\Users\senit\Desktop\UCSC\2nd\functional_pr\tutorila2\q4.scala
2022.07.10 11:03:48 WARN  no build target for: C:\Users\senit\Desktop\UCSC\2nd\functional_pr\tutorila2\q4.scala
2022.07.10 11:04:00 WARN  no build target for: C:\Users\senit\Desktop\UCSC\2nd\functional_pr\tutorila2\q4.scala
2022.07.10 11:04:31 WARN  no build target for: C:\Users\senit\Desktop\UCSC\2nd\functional_pr\tutorila2\q4.scala
2022.07.10 11:05:51 WARN  no build target for: C:\Users\senit\Desktop\UCSC\2nd\functional_pr\tutorila2\q4.scala
2022.07.10 11:08:26 WARN  no build target for: C:\Users\senit\Desktop\UCSC\2nd\functional_pr\tutorila2\q4.scala
2022.07.10 11:09:15 WARN  no build target for: C:\Users\senit\Desktop\UCSC\2nd\functional_pr\tutorila2\q4.scala
2022.07.10 12:03:38 WARN  no build target for: C:\Users\senit\Desktop\UCSC\2nd\functional_pr\tutorila2\q4a.scala
2022.07.10 12:03:53 WARN  no build target for: C:\Users\senit\Desktop\UCSC\2nd\functional_pr\tutorila2\q4a.scala
2022.07.10 12:04:02 WARN  no build target for: C:\Users\senit\Desktop\UCSC\2nd\functional_pr\tutorila2\q4a.scala
2022.07.10 12:04:13 WARN  no build target for: C:\Users\senit\Desktop\UCSC\2nd\functional_pr\tutorila2\q4b.scala
2022.07.10 12:04:55 WARN  no build target for: C:\Users\senit\Desktop\UCSC\2nd\functional_pr\tutorila2\q4a.scala
2022.07.10 12:05:01 WARN  no build target for: C:\Users\senit\Desktop\UCSC\2nd\functional_pr\tutorila2\q4b.scala
Jul 10, 2022 1:39:54 PM org.eclipse.lsp4j.jsonrpc.RemoteEndpoint handleCancellation
WARNING: Unmatched cancel notification for request id 5191
2022.07.10 13:42:09 WARN  no build target for: C:\Users\senit\Desktop\UCSC\2nd\functional_pr\tutorila2\q4a.scala
2022.07.10 13:42:11 WARN  no build target for: C:\Users\senit\Desktop\UCSC\2nd\functional_pr\tutorila2\q1.scala
2022.07.10 13:42:13 WARN  no build target for: C:\Users\senit\Desktop\UCSC\2nd\functional_pr\tutorila2\q4a.scala
2022.07.10 13:42:14 WARN  no build target for: C:\Users\senit\Desktop\UCSC\2nd\functional_pr\tutorila2\test.scala
2022.07.10 13:43:56 WARN  no build target for: C:\Users\senit\Desktop\UCSC\2nd\functional_pr\tutorila2\q4b.scala
2022.07.10 13:45:59 WARN  no build target for: C:\Users\senit\Desktop\UCSC\2nd\functional_pr\tutorila2\q4b.scala
2022.07.10 13:46:14 WARN  no build target for: C:\Users\senit\Desktop\UCSC\2nd\functional_pr\tutorila2\q4b.scala
2022.07.10 13:47:11 WARN  no build target for: C:\Users\senit\Desktop\UCSC\2nd\functional_pr\tutorila2\q4b.scala
2022.07.10 13:47:46 WARN  no build target for: C:\Users\senit\Desktop\UCSC\2nd\functional_pr\tutorila2\q4b.scala
2022.07.10 13:48:20 WARN  no build target for: C:\Users\senit\Desktop\UCSC\2nd\functional_pr\tutorila2\q4b.scala
2022.07.10 13:48:32 WARN  no build target for: C:\Users\senit\Desktop\UCSC\2nd\functional_pr\tutorila2\q4b.scala
2022.07.10 13:48:42 WARN  no build target for: C:\Users\senit\Desktop\UCSC\2nd\functional_pr\tutorila2\q4b.scala
2022.07.10 13:48:48 WARN  no build target for: C:\Users\senit\Desktop\UCSC\2nd\functional_pr\tutorila2\q4b.scala
2022.07.10 13:49:49 WARN  no build target for: C:\Users\senit\Desktop\UCSC\2nd\functional_pr\tutorila2\q1.scala
2022.07.10 13:51:19 WARN  no build target for: C:\Users\senit\Desktop\UCSC\2nd\functional_pr\tutorila2\q1.scala
2022.07.10 13:52:19 WARN  no build target for: C:\Users\senit\Desktop\UCSC\2nd\functional_pr\tutorila2\q1.scala
2022.07.10 13:52:28 WARN  no build target for: C:\Users\senit\Desktop\UCSC\2nd\functional_pr\tutorila2\q1.scala
2022.07.10 13:52:56 WARN  no build target for: C:\Users\senit\Desktop\UCSC\2nd\functional_pr\tutorila2\q1.scala
2022.07.10 13:53:05 WARN  no build target for: C:\Users\senit\Desktop\UCSC\2nd\functional_pr\tutorila2\q1.scala
2022.07.10 13:53:17 WARN  no build target for: C:\Users\senit\Desktop\UCSC\2nd\functional_pr\tutorila2\q1.scala
2022.07.10 13:53:45 WARN  no build target for: C:\Users\senit\Desktop\UCSC\2nd\functional_pr\tutorila2\q1.scala
2022.07.10 13:54:08 WARN  no build target for: C:\Users\senit\Desktop\UCSC\2nd\functional_pr\tutorila2\q1.scala
2022.07.10 13:54:25 WARN  no build target for: C:\Users\senit\Desktop\UCSC\2nd\functional_pr\tutorila2\q1.scala
2022.07.10 13:54:50 WARN  no build target for: C:\Users\senit\Desktop\UCSC\2nd\functional_pr\tutorila2\q1.scala
2022.07.10 13:56:38 WARN  no build target for: C:\Users\senit\Desktop\UCSC\2nd\functional_pr\tutorila2\q1.scala
2022.07.10 13:57:08 WARN  no build target for: C:\Users\senit\Desktop\UCSC\2nd\functional_pr\tutorila2\q1.scala
2022.07.10 13:57:50 WARN  no build target for: C:\Users\senit\Desktop\UCSC\2nd\functional_pr\tutorila2\q1.scala
2022.07.10 14:06:28 WARN  no build target for: C:\Users\senit\Desktop\UCSC\2nd\functional_pr\tutorila2\q1and2.scala
2022.07.10 14:06:38 WARN  no build target for: C:\Users\senit\Desktop\UCSC\2nd\functional_pr\tutorila2\q1and2.scala
2022.07.10 14:06:50 WARN  no build target for: C:\Users\senit\Desktop\UCSC\2nd\functional_pr\tutorila2\q1and2.scala
2022.07.10 14:06:58 WARN  no build target for: C:\Users\senit\Desktop\UCSC\2nd\functional_pr\tutorila2\q3.scala
2022.07.10 14:07:55 WARN  no build target for: C:\Users\senit\Desktop\UCSC\2nd\functional_pr\tutorila2\q3.scala
2022.07.10 14:07:55 WARN  no build target for: C:\Users\senit\Desktop\UCSC\2nd\functional_pr\tutorila2\q1and2.scala
2022.07.10 14:08:01 WARN  no build target for: C:\Users\senit\Desktop\UCSC\2nd\functional_pr\tutorila2\q3.scala
2022.07.10 14:08:05 WARN  no build target for: C:\Users\senit\Desktop\UCSC\2nd\functional_pr\tutorila2\q1and2.scala
2022.07.10 14:31:37 WARN  no build target for: C:\Users\senit\Desktop\UCSC\2nd\functional_pr\tutorila2\q3.scala
2022.07.10 14:31:58 WARN  no build target for: C:\Users\senit\Desktop\UCSC\2nd\functional_pr\tutorila2\q3a.scala
2022.07.10 14:32:21 WARN  no build target for: C:\Users\senit\Desktop\UCSC\2nd\functional_pr\tutorila2\q3b.scala
2022.07.10 14:32:26 WARN  no build target for: C:\Users\senit\Desktop\UCSC\2nd\functional_pr\tutorila2\q3a.scala
2022.07.10 14:33:44 WARN  no build target for: C:\Users\senit\Desktop\UCSC\2nd\functional_pr\tutorila2\q3b.scala
2022.07.10 14:35:13 WARN  no build target for: C:\Users\senit\Desktop\UCSC\2nd\functional_pr\tutorila2\q3b.scala
2022.07.10 14:47:11 WARN  no build target for: C:\Users\senit\Desktop\UCSC\2nd\functional_pr\tutorila2\q3b.scala
2022.07.10 14:48:23 WARN  no build target for: C:\Users\senit\Desktop\UCSC\2nd\functional_pr\tutorila2\q3a.scala
2022.07.10 14:49:24 WARN  no build target for: C:\Users\senit\Desktop\UCSC\2nd\functional_pr\tutorila2\q3a.scala
2022.07.10 14:49:46 WARN  no build target for: C:\Users\senit\Desktop\UCSC\2nd\functional_pr\tutorila2\q3a.scala
2022.07.10 14:51:33 WARN  no build target for: C:\Users\senit\Desktop\UCSC\2nd\functional_pr\tutorila2\q3a.scala
2022.07.10 14:51:40 WARN  no build target for: C:\Users\senit\Desktop\UCSC\2nd\functional_pr\tutorila2\q3b.scala
2022.07.10 14:52:51 WARN  no build target for: C:\Users\senit\Desktop\UCSC\2nd\functional_pr\tutorila2\q3b.scala
2022.07.10 14:53:05 WARN  no build target for: C:\Users\senit\Desktop\UCSC\2nd\functional_pr\tutorila2\q3b.scala
2022.07.10 14:53:22 INFO  shutting down Metals
2022.07.10 15:19:11 INFO  tracing is disabled for protocol LSP, to enable tracing of incoming and outgoing JSON messages create an empty file at c:\Users\senit\Desktop\UCSC\2nd\functional_pr\tutorila2\.metals\lsp.trace.json or C:\Users\senit\AppData\Local\scalameta\metals\cache\lsp.trace.json
2022.07.10 15:19:12 INFO  logging to file C:\Users\senit\Desktop\UCSC\2nd\functional_pr\tutorila2\.metals\metals.log
